running egg_info
creating ../../build/int32_topic_pkg/int32_topic_pkg.egg-info
writing ../../build/int32_topic_pkg/int32_topic_pkg.egg-info/PKG-INFO
writing dependency_links to ../../build/int32_topic_pkg/int32_topic_pkg.egg-info/dependency_links.txt
writing entry points to ../../build/int32_topic_pkg/int32_topic_pkg.egg-info/entry_points.txt
writing requirements to ../../build/int32_topic_pkg/int32_topic_pkg.egg-info/requires.txt
writing top-level names to ../../build/int32_topic_pkg/int32_topic_pkg.egg-info/top_level.txt
writing manifest file '../../build/int32_topic_pkg/int32_topic_pkg.egg-info/SOURCES.txt'
reading manifest file '../../build/int32_topic_pkg/int32_topic_pkg.egg-info/SOURCES.txt'
writing manifest file '../../build/int32_topic_pkg/int32_topic_pkg.egg-info/SOURCES.txt'
running build
running build_py
creating /home/doraoliver/Studium/ros_study/ros_test/test_int32_ws/build/int32_topic_pkg/build
creating /home/doraoliver/Studium/ros_study/ros_test/test_int32_ws/build/int32_topic_pkg/build/lib
creating /home/doraoliver/Studium/ros_study/ros_test/test_int32_ws/build/int32_topic_pkg/build/lib/int32_topic_pkg
copying int32_topic_pkg/__init__.py -> /home/doraoliver/Studium/ros_study/ros_test/test_int32_ws/build/int32_topic_pkg/build/lib/int32_topic_pkg
copying int32_topic_pkg/int32_publischer.py -> /home/doraoliver/Studium/ros_study/ros_test/test_int32_ws/build/int32_topic_pkg/build/lib/int32_topic_pkg
copying int32_topic_pkg/int32_subscriber.py -> /home/doraoliver/Studium/ros_study/ros_test/test_int32_ws/build/int32_topic_pkg/build/lib/int32_topic_pkg
running install
running install_lib
creating /home/doraoliver/Studium/ros_study/ros_test/test_int32_ws/install/int32_topic_pkg/lib/python3.10/site-packages/int32_topic_pkg
copying /home/doraoliver/Studium/ros_study/ros_test/test_int32_ws/build/int32_topic_pkg/build/lib/int32_topic_pkg/__init__.py -> /home/doraoliver/Studium/ros_study/ros_test/test_int32_ws/install/int32_topic_pkg/lib/python3.10/site-packages/int32_topic_pkg
copying /home/doraoliver/Studium/ros_study/ros_test/test_int32_ws/build/int32_topic_pkg/build/lib/int32_topic_pkg/int32_publischer.py -> /home/doraoliver/Studium/ros_study/ros_test/test_int32_ws/install/int32_topic_pkg/lib/python3.10/site-packages/int32_topic_pkg
copying /home/doraoliver/Studium/ros_study/ros_test/test_int32_ws/build/int32_topic_pkg/build/lib/int32_topic_pkg/int32_subscriber.py -> /home/doraoliver/Studium/ros_study/ros_test/test_int32_ws/install/int32_topic_pkg/lib/python3.10/site-packages/int32_topic_pkg
byte-compiling /home/doraoliver/Studium/ros_study/ros_test/test_int32_ws/install/int32_topic_pkg/lib/python3.10/site-packages/int32_topic_pkg/__init__.py to __init__.cpython-310.pyc
byte-compiling /home/doraoliver/Studium/ros_study/ros_test/test_int32_ws/install/int32_topic_pkg/lib/python3.10/site-packages/int32_topic_pkg/int32_publischer.py to int32_publischer.cpython-310.pyc
byte-compiling /home/doraoliver/Studium/ros_study/ros_test/test_int32_ws/install/int32_topic_pkg/lib/python3.10/site-packages/int32_topic_pkg/int32_subscriber.py to int32_subscriber.cpython-310.pyc
running install_data
creating /home/doraoliver/Studium/ros_study/ros_test/test_int32_ws/install/int32_topic_pkg/share/ament_index
creating /home/doraoliver/Studium/ros_study/ros_test/test_int32_ws/install/int32_topic_pkg/share/ament_index/resource_index
creating /home/doraoliver/Studium/ros_study/ros_test/test_int32_ws/install/int32_topic_pkg/share/ament_index/resource_index/packages
copying resource/int32_topic_pkg -> /home/doraoliver/Studium/ros_study/ros_test/test_int32_ws/install/int32_topic_pkg/share/ament_index/resource_index/packages
copying package.xml -> /home/doraoliver/Studium/ros_study/ros_test/test_int32_ws/install/int32_topic_pkg/share/int32_topic_pkg
running install_egg_info
Copying ../../build/int32_topic_pkg/int32_topic_pkg.egg-info to /home/doraoliver/Studium/ros_study/ros_test/test_int32_ws/install/int32_topic_pkg/lib/python3.10/site-packages/int32_topic_pkg-0.0.0-py3.10.egg-info
running install_scripts
writing list of installed files to '/home/doraoliver/Studium/ros_study/ros_test/test_int32_ws/build/int32_topic_pkg/install.log'
